<?xml version="1.0" encoding="UTF-8"?>
<!-- Generated by org.testng.reporters.JUnitReportReporter -->
<testsuite hostname="DESKTOP-EJ0N1V7" failures="0" tests="1" name="com.sauce.TestcaseClass.TC002_VerifyLogOutFunctionality" time="16.285" errors="0" timestamp="2022-08-09T11:14:46 IST" skipped="0">
  <testcase classname="com.sauce.TestcaseClass.TC002_VerifyLogOutFunctionality" name="logOutFunctionality" time="16.285"/>
  <system-out/>
</testsuite> <!-- com.sauce.TestcaseClass.TC002_VerifyLogOutFunctionality -->
